2020-04-25 15:24:08.367 -[main]- [ INFO  ] [ com.chen.wechat.WechatApplication : 50 ] - Starting WechatApplication on DESKTOP-10FFVAI with PID 18816 (F:\chen\wechat\wechat\target\classes started by chen in F:\chen\wechat\wechat)
2020-04-25 15:24:08.375 -[main]- [ INFO  ] [ com.chen.wechat.WechatApplication : 679 ] - The following profiles are active: dev
2020-04-25 15:24:09.580 -[main]- [ INFO  ] [ o.s.d.r.config.RepositoryConfigurationDelegate : 244 ] - Multiple Spring Data modules found, entering strict repository configuration mode!
2020-04-25 15:24:09.581 -[main]- [ INFO  ] [ o.s.d.r.config.RepositoryConfigurationDelegate : 126 ] - Bootstrapping Spring Data repositories in DEFAULT mode.
2020-04-25 15:24:09.632 -[main]- [ INFO  ] [ o.s.d.r.config.RepositoryConfigurationDelegate : 182 ] - Finished Spring Data repository scanning in 14ms. Found 0 repository interfaces.
2020-04-25 15:24:09.887 -[main]- [ INFO  ] [ o.s.c.s.PostProcessorRegistrationDelegate$BeanPostProcessorChecker : 330 ] - Bean 'org.springframework.transaction.annotation.ProxyTransactionManagementConfiguration' of type [org.springframework.transaction.annotation.ProxyTransactionManagementConfiguration$$EnhancerBySpringCGLIB$$3217435e] is not eligible for getting processed by all BeanPostProcessors (for example: not eligible for auto-proxying)
2020-04-25 15:24:10.160 -[main]- [ INFO  ] [ o.s.boot.web.embedded.tomcat.TomcatWebServer : 90 ] - Tomcat initialized with port(s): 9001 (http)
2020-04-25 15:24:10.179 -[main]- [ INFO  ] [ org.apache.catalina.core.StandardService : 173 ] - Starting service [Tomcat]
2020-04-25 15:24:10.179 -[main]- [ INFO  ] [ org.apache.catalina.core.StandardEngine : 173 ] - Starting Servlet engine: [Apache Tomcat/9.0.19]
2020-04-25 15:24:10.184 -[main]- [ INFO  ] [ org.apache.catalina.core.AprLifecycleListener : 173 ] - An older version [1.2.18] of the APR based Apache Tomcat Native library is installed, while Tomcat recommends a minimum version of [1.2.21]
2020-04-25 15:24:10.184 -[main]- [ INFO  ] [ org.apache.catalina.core.AprLifecycleListener : 173 ] - Loaded APR based Apache Tomcat Native library [1.2.18] using APR version [1.6.5].
2020-04-25 15:24:10.184 -[main]- [ INFO  ] [ org.apache.catalina.core.AprLifecycleListener : 173 ] - APR capabilities: IPv6 [true], sendfile [true], accept filters [false], random [true].
2020-04-25 15:24:10.184 -[main]- [ INFO  ] [ org.apache.catalina.core.AprLifecycleListener : 173 ] - APR/OpenSSL configuration: useAprConnector [false], useOpenSSL [true]
2020-04-25 15:24:10.200 -[main]- [ INFO  ] [ org.apache.catalina.core.AprLifecycleListener : 173 ] - OpenSSL successfully initialized [OpenSSL 1.1.1  11 Sep 2018]
2020-04-25 15:24:10.310 -[main]- [ INFO  ] [ o.a.c.core.ContainerBase.[Tomcat].[localhost].[/] : 173 ] - Initializing Spring embedded WebApplicationContext
2020-04-25 15:24:10.311 -[main]- [ INFO  ] [ org.springframework.web.context.ContextLoader : 296 ] - Root WebApplicationContext: initialization completed in 1892 ms
2020-04-25 15:24:10.867 -[main]- [ INFO  ] [ o.s.scheduling.concurrent.ThreadPoolTaskExecutor : 171 ] - Initializing ExecutorService 'applicationTaskExecutor'
2020-04-25 15:24:11.277 -[main]- [ INFO  ] [ o.s.scheduling.concurrent.ThreadPoolTaskExecutor : 171 ] - Initializing ExecutorService
2020-04-25 15:24:11.503 -[main]- [ ERROR ] [ org.apache.catalina.util.LifecycleBase : 175 ] - Failed to start component [Connector[HTTP/1.1-9001]]
org.apache.catalina.LifecycleException: Protocol handler start failed
	at org.apache.catalina.connector.Connector.startInternal(Connector.java:1008)
	at org.apache.catalina.util.LifecycleBase.start(LifecycleBase.java:183)
	at org.apache.catalina.core.StandardService.addConnector(StandardService.java:226)
	at org.springframework.boot.web.embedded.tomcat.TomcatWebServer.addPreviouslyRemovedConnectors(TomcatWebServer.java:259)
	at org.springframework.boot.web.embedded.tomcat.TomcatWebServer.start(TomcatWebServer.java:197)
	at org.springframework.boot.web.servlet.context.ServletWebServerApplicationContext.startWebServer(ServletWebServerApplicationContext.java:311)
	at org.springframework.boot.web.servlet.context.ServletWebServerApplicationContext.finishRefresh(ServletWebServerApplicationContext.java:164)
	at org.springframework.context.support.AbstractApplicationContext.refresh(AbstractApplicationContext.java:552)
	at org.springframework.boot.web.servlet.context.ServletWebServerApplicationContext.refresh(ServletWebServerApplicationContext.java:142)
	at org.springframework.boot.SpringApplication.refresh(SpringApplication.java:775)
	at org.springframework.boot.SpringApplication.refreshContext(SpringApplication.java:397)
	at org.springframework.boot.SpringApplication.run(SpringApplication.java:316)
	at org.springframework.boot.SpringApplication.run(SpringApplication.java:1260)
	at org.springframework.boot.SpringApplication.run(SpringApplication.java:1248)
	at com.chen.wechat.WechatApplication.main(WechatApplication.java:12)
Caused by: java.net.BindException: Address already in use: bind
	at sun.nio.ch.Net.bind0(Native Method)
	at sun.nio.ch.Net.bind(Net.java:433)
	at sun.nio.ch.Net.bind(Net.java:425)
	at sun.nio.ch.ServerSocketChannelImpl.bind(ServerSocketChannelImpl.java:223)
	at sun.nio.ch.ServerSocketAdaptor.bind(ServerSocketAdaptor.java:74)
	at org.apache.tomcat.util.net.NioEndpoint.initServerSocket(NioEndpoint.java:239)
	at org.apache.tomcat.util.net.NioEndpoint.bind(NioEndpoint.java:213)
	at org.apache.tomcat.util.net.AbstractEndpoint.bindWithCleanup(AbstractEndpoint.java:1116)
	at org.apache.tomcat.util.net.AbstractEndpoint.start(AbstractEndpoint.java:1202)
	at org.apache.coyote.AbstractProtocol.start(AbstractProtocol.java:568)
	at org.apache.catalina.connector.Connector.startInternal(Connector.java:1005)
	... 14 common frames omitted
2020-04-25 15:24:11.510 -[main]- [ INFO  ] [ org.apache.catalina.core.StandardService : 173 ] - Stopping service [Tomcat]
2020-04-25 15:24:11.552 -[main]- [ INFO  ] [ o.s.b.a.l.ConditionEvaluationReportLoggingListener : 142 ] - 

Error starting ApplicationContext. To display the conditions report re-run your application with 'debug' enabled.
2020-04-25 15:24:11.554 -[main]- [ ERROR ] [ o.s.b.diagnostics.LoggingFailureAnalysisReporter : 42 ] - 

***************************
APPLICATION FAILED TO START
***************************

Description:

The Tomcat connector configured to listen on port 9001 failed to start. The port may already be in use or the connector may be misconfigured.

Action:

Verify the connector's configuration, identify and stop any process that's listening on port 9001, or configure this application to listen on another port.

2020-04-25 15:24:11.582 -[main]- [ INFO  ] [ o.s.scheduling.concurrent.ThreadPoolTaskExecutor : 208 ] - Shutting down ExecutorService
2020-04-25 15:24:11.588 -[main]- [ INFO  ] [ o.s.scheduling.concurrent.ThreadPoolTaskExecutor : 208 ] - Shutting down ExecutorService 'applicationTaskExecutor'
2020-04-25 15:24:41.872 -[main]- [ INFO  ] [ com.chen.wechat.WechatApplication : 50 ] - Starting WechatApplication on DESKTOP-10FFVAI with PID 14848 (F:\chen\wechat\wechat\target\classes started by chen in F:\chen\wechat\wechat)
2020-04-25 15:24:41.876 -[main]- [ INFO  ] [ com.chen.wechat.WechatApplication : 679 ] - The following profiles are active: dev
2020-04-25 15:24:42.558 -[main]- [ INFO  ] [ o.s.d.r.config.RepositoryConfigurationDelegate : 244 ] - Multiple Spring Data modules found, entering strict repository configuration mode!
2020-04-25 15:24:42.561 -[main]- [ INFO  ] [ o.s.d.r.config.RepositoryConfigurationDelegate : 126 ] - Bootstrapping Spring Data repositories in DEFAULT mode.
2020-04-25 15:24:42.587 -[main]- [ INFO  ] [ o.s.d.r.config.RepositoryConfigurationDelegate : 182 ] - Finished Spring Data repository scanning in 14ms. Found 0 repository interfaces.
2020-04-25 15:24:42.909 -[main]- [ INFO  ] [ o.s.c.s.PostProcessorRegistrationDelegate$BeanPostProcessorChecker : 330 ] - Bean 'org.springframework.transaction.annotation.ProxyTransactionManagementConfiguration' of type [org.springframework.transaction.annotation.ProxyTransactionManagementConfiguration$$EnhancerBySpringCGLIB$$7e5a42e5] is not eligible for getting processed by all BeanPostProcessors (for example: not eligible for auto-proxying)
2020-04-25 15:24:43.108 -[main]- [ INFO  ] [ o.s.boot.web.embedded.tomcat.TomcatWebServer : 90 ] - Tomcat initialized with port(s): 9002 (http)
2020-04-25 15:24:43.125 -[main]- [ INFO  ] [ org.apache.catalina.core.StandardService : 173 ] - Starting service [Tomcat]
2020-04-25 15:24:43.126 -[main]- [ INFO  ] [ org.apache.catalina.core.StandardEngine : 173 ] - Starting Servlet engine: [Apache Tomcat/9.0.19]
2020-04-25 15:24:43.130 -[main]- [ INFO  ] [ org.apache.catalina.core.AprLifecycleListener : 173 ] - An older version [1.2.18] of the APR based Apache Tomcat Native library is installed, while Tomcat recommends a minimum version of [1.2.21]
2020-04-25 15:24:43.130 -[main]- [ INFO  ] [ org.apache.catalina.core.AprLifecycleListener : 173 ] - Loaded APR based Apache Tomcat Native library [1.2.18] using APR version [1.6.5].
2020-04-25 15:24:43.131 -[main]- [ INFO  ] [ org.apache.catalina.core.AprLifecycleListener : 173 ] - APR capabilities: IPv6 [true], sendfile [true], accept filters [false], random [true].
2020-04-25 15:24:43.131 -[main]- [ INFO  ] [ org.apache.catalina.core.AprLifecycleListener : 173 ] - APR/OpenSSL configuration: useAprConnector [false], useOpenSSL [true]
2020-04-25 15:24:43.133 -[main]- [ INFO  ] [ org.apache.catalina.core.AprLifecycleListener : 173 ] - OpenSSL successfully initialized [OpenSSL 1.1.1  11 Sep 2018]
2020-04-25 15:24:43.239 -[main]- [ INFO  ] [ o.a.c.core.ContainerBase.[Tomcat].[localhost].[/] : 173 ] - Initializing Spring embedded WebApplicationContext
2020-04-25 15:24:43.239 -[main]- [ INFO  ] [ org.springframework.web.context.ContextLoader : 296 ] - Root WebApplicationContext: initialization completed in 1320 ms
2020-04-25 15:24:43.661 -[main]- [ INFO  ] [ o.s.scheduling.concurrent.ThreadPoolTaskExecutor : 171 ] - Initializing ExecutorService 'applicationTaskExecutor'
2020-04-25 15:24:43.957 -[main]- [ INFO  ] [ o.s.scheduling.concurrent.ThreadPoolTaskExecutor : 171 ] - Initializing ExecutorService
2020-04-25 15:24:44.180 -[main]- [ INFO  ] [ o.s.boot.web.embedded.tomcat.TomcatWebServer : 204 ] - Tomcat started on port(s): 9002 (http) with context path ''
2020-04-25 15:24:44.182 -[main]- [ INFO  ] [ com.chen.wechat.WechatApplication : 59 ] - Started WechatApplication in 2.716 seconds (JVM running for 4.014)
