2020-01-21 00:09:36.246 -[main]- [ INFO  ] [ com.chen.wechat.WechatApplication : 50 ] - Starting WechatApplication on DESKTOP-10FFVAI with PID 6240 (F:\chen\wechat\wechat\target\classes started by chen in F:\chen\wechat\wechat)
2020-01-21 00:09:36.263 -[main]- [ INFO  ] [ com.chen.wechat.WechatApplication : 679 ] - The following profiles are active: prod
2020-01-21 00:09:38.022 -[main]- [ INFO  ] [ o.s.d.r.config.RepositoryConfigurationDelegate : 244 ] - Multiple Spring Data modules found, entering strict repository configuration mode!
2020-01-21 00:09:38.027 -[main]- [ INFO  ] [ o.s.d.r.config.RepositoryConfigurationDelegate : 126 ] - Bootstrapping Spring Data repositories in DEFAULT mode.
2020-01-21 00:09:38.067 -[main]- [ INFO  ] [ o.s.d.r.config.RepositoryConfigurationDelegate : 182 ] - Finished Spring Data repository scanning in 25ms. Found 0 repository interfaces.
2020-01-21 00:09:38.476 -[main]- [ INFO  ] [ o.s.c.s.PostProcessorRegistrationDelegate$BeanPostProcessorChecker : 330 ] - Bean 'org.springframework.transaction.annotation.ProxyTransactionManagementConfiguration' of type [org.springframework.transaction.annotation.ProxyTransactionManagementConfiguration$$EnhancerBySpringCGLIB$$35b352f1] is not eligible for getting processed by all BeanPostProcessors (for example: not eligible for auto-proxying)
2020-01-21 00:09:38.954 -[main]- [ INFO  ] [ o.s.boot.web.embedded.tomcat.TomcatWebServer : 90 ] - Tomcat initialized with port(s): 8089 (http)
2020-01-21 00:09:38.981 -[main]- [ INFO  ] [ org.apache.catalina.core.StandardService : 173 ] - Starting service [Tomcat]
2020-01-21 00:09:38.981 -[main]- [ INFO  ] [ org.apache.catalina.core.StandardEngine : 173 ] - Starting Servlet engine: [Apache Tomcat/9.0.19]
2020-01-21 00:09:38.993 -[main]- [ INFO  ] [ org.apache.catalina.core.AprLifecycleListener : 173 ] - An older version [1.2.18] of the APR based Apache Tomcat Native library is installed, while Tomcat recommends a minimum version of [1.2.21]
2020-01-21 00:09:38.993 -[main]- [ INFO  ] [ org.apache.catalina.core.AprLifecycleListener : 173 ] - Loaded APR based Apache Tomcat Native library [1.2.18] using APR version [1.6.5].
2020-01-21 00:09:38.993 -[main]- [ INFO  ] [ org.apache.catalina.core.AprLifecycleListener : 173 ] - APR capabilities: IPv6 [true], sendfile [true], accept filters [false], random [true].
2020-01-21 00:09:38.993 -[main]- [ INFO  ] [ org.apache.catalina.core.AprLifecycleListener : 173 ] - APR/OpenSSL configuration: useAprConnector [false], useOpenSSL [true]
2020-01-21 00:09:39.111 -[main]- [ INFO  ] [ org.apache.catalina.core.AprLifecycleListener : 173 ] - OpenSSL successfully initialized [OpenSSL 1.1.1  11 Sep 2018]
2020-01-21 00:09:39.333 -[main]- [ INFO  ] [ o.a.c.core.ContainerBase.[Tomcat].[localhost].[/] : 173 ] - Initializing Spring embedded WebApplicationContext
2020-01-21 00:09:39.334 -[main]- [ INFO  ] [ org.springframework.web.context.ContextLoader : 296 ] - Root WebApplicationContext: initialization completed in 2941 ms
2020-01-21 00:09:40.340 -[main]- [ INFO  ] [ o.s.scheduling.concurrent.ThreadPoolTaskExecutor : 171 ] - Initializing ExecutorService 'applicationTaskExecutor'
2020-01-21 00:09:40.982 -[main]- [ INFO  ] [ o.s.scheduling.concurrent.ThreadPoolTaskExecutor : 171 ] - Initializing ExecutorService
2020-01-21 00:09:41.336 -[main]- [ INFO  ] [ o.a.c.core.ContainerBase.[Tomcat].[localhost].[/] : 173 ] - Initializing Spring DispatcherServlet 'dispatcherServlet'
2020-01-21 00:09:41.336 -[main]- [ INFO  ] [ org.springframework.web.servlet.DispatcherServlet : 524 ] - Initializing Servlet 'dispatcherServlet'
2020-01-21 00:09:41.340 -[main]- [ INFO  ] [ org.springframework.web.servlet.DispatcherServlet : 546 ] - Completed initialization in 4 ms
2020-01-21 00:09:41.342 -[main]- [ INFO  ] [ o.s.boot.web.embedded.tomcat.TomcatWebServer : 204 ] - Tomcat started on port(s): 8089 (http) with context path ''
2020-01-21 00:09:41.344 -[main]- [ INFO  ] [ com.chen.wechat.WechatApplication : 59 ] - Started WechatApplication in 5.827 seconds (JVM running for 9.524)
2020-01-21 00:09:49.577 -[http-nio-8089-exec-1]- [ INFO  ] [ com.chen.wechat.service.impl.WxServiceImpl : 57 ] - 1.收到微信服务器消息
2020-01-21 00:09:49.666 -[http-nio-8089-exec-1]- [ ERROR ] [ o.a.c.c.C.[.[localhost].[/].[dispatcherServlet] : 175 ] - Servlet.service() for servlet [dispatcherServlet] in context with path [] threw exception [Request processing failed; nested exception is com.chen.wechat.exception.BusinessException: 微信处理结果为空] with root cause
com.chen.wechat.exception.BusinessException: 微信处理结果为空
	at com.chen.wechat.service.impl.WxServiceImpl.WxHandle(WxServiceImpl.java:73)
	at com.chen.wechat.controller.WechatController.wechat(WechatController.java:50)
	at sun.reflect.NativeMethodAccessorImpl.invoke0(Native Method)
	at sun.reflect.NativeMethodAccessorImpl.invoke(NativeMethodAccessorImpl.java:62)
	at sun.reflect.DelegatingMethodAccessorImpl.invoke(DelegatingMethodAccessorImpl.java:43)
	at java.lang.reflect.Method.invoke(Method.java:498)
	at org.springframework.web.method.support.InvocableHandlerMethod.doInvoke(InvocableHandlerMethod.java:190)
	at org.springframework.web.method.support.InvocableHandlerMethod.invokeForRequest(InvocableHandlerMethod.java:138)
	at org.springframework.web.servlet.mvc.method.annotation.ServletInvocableHandlerMethod.invokeAndHandle(ServletInvocableHandlerMethod.java:104)
	at org.springframework.web.servlet.mvc.method.annotation.RequestMappingHandlerAdapter.invokeHandlerMethod(RequestMappingHandlerAdapter.java:892)
	at org.springframework.web.servlet.mvc.method.annotation.RequestMappingHandlerAdapter.handleInternal(RequestMappingHandlerAdapter.java:797)
	at org.springframework.web.servlet.mvc.method.AbstractHandlerMethodAdapter.handle(AbstractHandlerMethodAdapter.java:87)
	at org.springframework.web.servlet.DispatcherServlet.doDispatch(DispatcherServlet.java:1039)
	at org.springframework.web.servlet.DispatcherServlet.doService(DispatcherServlet.java:942)
	at org.springframework.web.servlet.FrameworkServlet.processRequest(FrameworkServlet.java:1005)
	at org.springframework.web.servlet.FrameworkServlet.doGet(FrameworkServlet.java:897)
	at javax.servlet.http.HttpServlet.service(HttpServlet.java:634)
	at org.springframework.web.servlet.FrameworkServlet.service(FrameworkServlet.java:882)
	at javax.servlet.http.HttpServlet.service(HttpServlet.java:741)
	at org.apache.catalina.core.ApplicationFilterChain.internalDoFilter(ApplicationFilterChain.java:231)
	at org.apache.catalina.core.ApplicationFilterChain.doFilter(ApplicationFilterChain.java:166)
	at org.apache.tomcat.websocket.server.WsFilter.doFilter(WsFilter.java:53)
	at org.apache.catalina.core.ApplicationFilterChain.internalDoFilter(ApplicationFilterChain.java:193)
	at org.apache.catalina.core.ApplicationFilterChain.doFilter(ApplicationFilterChain.java:166)
	at org.springframework.web.filter.RequestContextFilter.doFilterInternal(RequestContextFilter.java:99)
	at org.springframework.web.filter.OncePerRequestFilter.doFilter(OncePerRequestFilter.java:107)
	at org.apache.catalina.core.ApplicationFilterChain.internalDoFilter(ApplicationFilterChain.java:193)
	at org.apache.catalina.core.ApplicationFilterChain.doFilter(ApplicationFilterChain.java:166)
	at org.springframework.web.filter.FormContentFilter.doFilterInternal(FormContentFilter.java:92)
	at org.springframework.web.filter.OncePerRequestFilter.doFilter(OncePerRequestFilter.java:107)
	at org.apache.catalina.core.ApplicationFilterChain.internalDoFilter(ApplicationFilterChain.java:193)
	at org.apache.catalina.core.ApplicationFilterChain.doFilter(ApplicationFilterChain.java:166)
	at org.springframework.web.filter.HiddenHttpMethodFilter.doFilterInternal(HiddenHttpMethodFilter.java:93)
	at org.springframework.web.filter.OncePerRequestFilter.doFilter(OncePerRequestFilter.java:107)
	at org.apache.catalina.core.ApplicationFilterChain.internalDoFilter(ApplicationFilterChain.java:193)
	at org.apache.catalina.core.ApplicationFilterChain.doFilter(ApplicationFilterChain.java:166)
	at org.springframework.web.filter.CharacterEncodingFilter.doFilterInternal(CharacterEncodingFilter.java:200)
	at org.springframework.web.filter.OncePerRequestFilter.doFilter(OncePerRequestFilter.java:107)
	at org.apache.catalina.core.ApplicationFilterChain.internalDoFilter(ApplicationFilterChain.java:193)
	at org.apache.catalina.core.ApplicationFilterChain.doFilter(ApplicationFilterChain.java:166)
	at org.apache.catalina.core.StandardWrapperValve.invoke(StandardWrapperValve.java:200)
	at org.apache.catalina.core.StandardContextValve.invoke(StandardContextValve.java:96)
	at org.apache.catalina.authenticator.AuthenticatorBase.invoke(AuthenticatorBase.java:490)
	at org.apache.catalina.core.StandardHostValve.invoke(StandardHostValve.java:139)
	at org.apache.catalina.valves.ErrorReportValve.invoke(ErrorReportValve.java:92)
	at org.apache.catalina.core.StandardEngineValve.invoke(StandardEngineValve.java:74)
	at org.apache.catalina.connector.CoyoteAdapter.service(CoyoteAdapter.java:343)
	at org.apache.coyote.http11.Http11Processor.service(Http11Processor.java:408)
	at org.apache.coyote.AbstractProcessorLight.process(AbstractProcessorLight.java:66)
	at org.apache.coyote.AbstractProtocol$ConnectionHandler.process(AbstractProtocol.java:836)
	at org.apache.tomcat.util.net.NioEndpoint$SocketProcessor.doRun(NioEndpoint.java:1747)
	at org.apache.tomcat.util.net.SocketProcessorBase.run(SocketProcessorBase.java:49)
	at java.util.concurrent.ThreadPoolExecutor.runWorker(ThreadPoolExecutor.java:1142)
	at java.util.concurrent.ThreadPoolExecutor$Worker.run(ThreadPoolExecutor.java:617)
	at org.apache.tomcat.util.threads.TaskThread$WrappingRunnable.run(TaskThread.java:61)
	at java.lang.Thread.run(Thread.java:745)
2020-01-21 00:09:49.723 -[http-nio-8089-exec-1]- [ ERROR ] [ o.a.c.c.C.[.[localhost].[/].[dispatcherServlet] : 175 ] - Servlet.service() for servlet [dispatcherServlet] threw exception
java.lang.IllegalStateException: getWriter() has already been called for this response
	at org.apache.catalina.connector.Response.getOutputStream(Response.java:548)
	at org.apache.catalina.connector.ResponseFacade.getOutputStream(ResponseFacade.java:210)
	at javax.servlet.ServletResponseWrapper.getOutputStream(ServletResponseWrapper.java:105)
	at org.springframework.http.server.ServletServerHttpResponse.getBody(ServletServerHttpResponse.java:83)
	at org.springframework.http.converter.json.AbstractJackson2HttpMessageConverter.writeInternal(AbstractJackson2HttpMessageConverter.java:255)
	at org.springframework.http.converter.AbstractGenericHttpMessageConverter.write(AbstractGenericHttpMessageConverter.java:103)
	at org.springframework.web.servlet.mvc.method.annotation.AbstractMessageConverterMethodProcessor.writeWithMessageConverters(AbstractMessageConverterMethodProcessor.java:290)
	at org.springframework.web.servlet.mvc.method.annotation.HttpEntityMethodProcessor.handleReturnValue(HttpEntityMethodProcessor.java:225)
	at org.springframework.web.method.support.HandlerMethodReturnValueHandlerComposite.handleReturnValue(HandlerMethodReturnValueHandlerComposite.java:82)
	at org.springframework.web.servlet.mvc.method.annotation.ServletInvocableHandlerMethod.invokeAndHandle(ServletInvocableHandlerMethod.java:122)
	at org.springframework.web.servlet.mvc.method.annotation.RequestMappingHandlerAdapter.invokeHandlerMethod(RequestMappingHandlerAdapter.java:892)
	at org.springframework.web.servlet.mvc.method.annotation.RequestMappingHandlerAdapter.handleInternal(RequestMappingHandlerAdapter.java:797)
	at org.springframework.web.servlet.mvc.method.AbstractHandlerMethodAdapter.handle(AbstractHandlerMethodAdapter.java:87)
	at org.springframework.web.servlet.DispatcherServlet.doDispatch(DispatcherServlet.java:1039)
	at org.springframework.web.servlet.DispatcherServlet.doService(DispatcherServlet.java:942)
	at org.springframework.web.servlet.FrameworkServlet.processRequest(FrameworkServlet.java:1005)
	at org.springframework.web.servlet.FrameworkServlet.doGet(FrameworkServlet.java:897)
	at javax.servlet.http.HttpServlet.service(HttpServlet.java:634)
	at org.springframework.web.servlet.FrameworkServlet.service(FrameworkServlet.java:882)
	at javax.servlet.http.HttpServlet.service(HttpServlet.java:741)
	at org.apache.catalina.core.ApplicationFilterChain.internalDoFilter(ApplicationFilterChain.java:231)
	at org.apache.catalina.core.ApplicationFilterChain.doFilter(ApplicationFilterChain.java:166)
	at org.apache.catalina.core.ApplicationDispatcher.invoke(ApplicationDispatcher.java:712)
	at org.apache.catalina.core.ApplicationDispatcher.doInclude(ApplicationDispatcher.java:580)
	at org.apache.catalina.core.ApplicationDispatcher.include(ApplicationDispatcher.java:516)
	at org.apache.catalina.core.StandardHostValve.custom(StandardHostValve.java:388)
	at org.apache.catalina.core.StandardHostValve.status(StandardHostValve.java:253)
	at org.apache.catalina.core.StandardHostValve.throwable(StandardHostValve.java:348)
	at org.apache.catalina.core.StandardHostValve.invoke(StandardHostValve.java:173)
	at org.apache.catalina.valves.ErrorReportValve.invoke(ErrorReportValve.java:92)
	at org.apache.catalina.core.StandardEngineValve.invoke(StandardEngineValve.java:74)
	at org.apache.catalina.connector.CoyoteAdapter.service(CoyoteAdapter.java:343)
	at org.apache.coyote.http11.Http11Processor.service(Http11Processor.java:408)
	at org.apache.coyote.AbstractProcessorLight.process(AbstractProcessorLight.java:66)
	at org.apache.coyote.AbstractProtocol$ConnectionHandler.process(AbstractProtocol.java:836)
	at org.apache.tomcat.util.net.NioEndpoint$SocketProcessor.doRun(NioEndpoint.java:1747)
	at org.apache.tomcat.util.net.SocketProcessorBase.run(SocketProcessorBase.java:49)
	at java.util.concurrent.ThreadPoolExecutor.runWorker(ThreadPoolExecutor.java:1142)
	at java.util.concurrent.ThreadPoolExecutor$Worker.run(ThreadPoolExecutor.java:617)
	at org.apache.tomcat.util.threads.TaskThread$WrappingRunnable.run(TaskThread.java:61)
	at java.lang.Thread.run(Thread.java:745)
2020-01-21 00:09:49.727 -[http-nio-8089-exec-1]- [ ERROR ] [ o.a.c.core.ContainerBase.[Tomcat].[localhost] : 175 ] - Exception Processing ErrorPage[errorCode=0, location=/error]
org.springframework.web.util.NestedServletException: Request processing failed; nested exception is java.lang.IllegalStateException: getWriter() has already been called for this response
	at org.springframework.web.servlet.FrameworkServlet.processRequest(FrameworkServlet.java:1013)
	at org.springframework.web.servlet.FrameworkServlet.doGet(FrameworkServlet.java:897)
	at javax.servlet.http.HttpServlet.service(HttpServlet.java:634)
	at org.springframework.web.servlet.FrameworkServlet.service(FrameworkServlet.java:882)
	at javax.servlet.http.HttpServlet.service(HttpServlet.java:741)
	at org.apache.catalina.core.ApplicationFilterChain.internalDoFilter(ApplicationFilterChain.java:231)
	at org.apache.catalina.core.ApplicationFilterChain.doFilter(ApplicationFilterChain.java:166)
	at org.apache.catalina.core.ApplicationDispatcher.invoke(ApplicationDispatcher.java:712)
	at org.apache.catalina.core.ApplicationDispatcher.doInclude(ApplicationDispatcher.java:580)
	at org.apache.catalina.core.ApplicationDispatcher.include(ApplicationDispatcher.java:516)
	at org.apache.catalina.core.StandardHostValve.custom(StandardHostValve.java:388)
	at org.apache.catalina.core.StandardHostValve.status(StandardHostValve.java:253)
	at org.apache.catalina.core.StandardHostValve.throwable(StandardHostValve.java:348)
	at org.apache.catalina.core.StandardHostValve.invoke(StandardHostValve.java:173)
	at org.apache.catalina.valves.ErrorReportValve.invoke(ErrorReportValve.java:92)
	at org.apache.catalina.core.StandardEngineValve.invoke(StandardEngineValve.java:74)
	at org.apache.catalina.connector.CoyoteAdapter.service(CoyoteAdapter.java:343)
	at org.apache.coyote.http11.Http11Processor.service(Http11Processor.java:408)
	at org.apache.coyote.AbstractProcessorLight.process(AbstractProcessorLight.java:66)
	at org.apache.coyote.AbstractProtocol$ConnectionHandler.process(AbstractProtocol.java:836)
	at org.apache.tomcat.util.net.NioEndpoint$SocketProcessor.doRun(NioEndpoint.java:1747)
	at org.apache.tomcat.util.net.SocketProcessorBase.run(SocketProcessorBase.java:49)
	at java.util.concurrent.ThreadPoolExecutor.runWorker(ThreadPoolExecutor.java:1142)
	at java.util.concurrent.ThreadPoolExecutor$Worker.run(ThreadPoolExecutor.java:617)
	at org.apache.tomcat.util.threads.TaskThread$WrappingRunnable.run(TaskThread.java:61)
	at java.lang.Thread.run(Thread.java:745)
Caused by: java.lang.IllegalStateException: getWriter() has already been called for this response
	at org.apache.catalina.connector.Response.getOutputStream(Response.java:548)
	at org.apache.catalina.connector.ResponseFacade.getOutputStream(ResponseFacade.java:210)
	at javax.servlet.ServletResponseWrapper.getOutputStream(ServletResponseWrapper.java:105)
	at org.springframework.http.server.ServletServerHttpResponse.getBody(ServletServerHttpResponse.java:83)
	at org.springframework.http.converter.json.AbstractJackson2HttpMessageConverter.writeInternal(AbstractJackson2HttpMessageConverter.java:255)
	at org.springframework.http.converter.AbstractGenericHttpMessageConverter.write(AbstractGenericHttpMessageConverter.java:103)
	at org.springframework.web.servlet.mvc.method.annotation.AbstractMessageConverterMethodProcessor.writeWithMessageConverters(AbstractMessageConverterMethodProcessor.java:290)
	at org.springframework.web.servlet.mvc.method.annotation.HttpEntityMethodProcessor.handleReturnValue(HttpEntityMethodProcessor.java:225)
	at org.springframework.web.method.support.HandlerMethodReturnValueHandlerComposite.handleReturnValue(HandlerMethodReturnValueHandlerComposite.java:82)
	at org.springframework.web.servlet.mvc.method.annotation.ServletInvocableHandlerMethod.invokeAndHandle(ServletInvocableHandlerMethod.java:122)
	at org.springframework.web.servlet.mvc.method.annotation.RequestMappingHandlerAdapter.invokeHandlerMethod(RequestMappingHandlerAdapter.java:892)
	at org.springframework.web.servlet.mvc.method.annotation.RequestMappingHandlerAdapter.handleInternal(RequestMappingHandlerAdapter.java:797)
	at org.springframework.web.servlet.mvc.method.AbstractHandlerMethodAdapter.handle(AbstractHandlerMethodAdapter.java:87)
	at org.springframework.web.servlet.DispatcherServlet.doDispatch(DispatcherServlet.java:1039)
	at org.springframework.web.servlet.DispatcherServlet.doService(DispatcherServlet.java:942)
	at org.springframework.web.servlet.FrameworkServlet.processRequest(FrameworkServlet.java:1005)
	... 25 common frames omitted
2020-01-21 00:11:00.894 -[main]- [ INFO  ] [ com.chen.wechat.WechatApplication : 50 ] - Starting WechatApplication on DESKTOP-10FFVAI with PID 19180 (F:\chen\wechat\wechat\target\classes started by chen in F:\chen\wechat\wechat)
2020-01-21 00:11:00.897 -[main]- [ INFO  ] [ com.chen.wechat.WechatApplication : 679 ] - The following profiles are active: prod
2020-01-21 00:11:01.656 -[main]- [ INFO  ] [ o.s.d.r.config.RepositoryConfigurationDelegate : 244 ] - Multiple Spring Data modules found, entering strict repository configuration mode!
2020-01-21 00:11:01.659 -[main]- [ INFO  ] [ o.s.d.r.config.RepositoryConfigurationDelegate : 126 ] - Bootstrapping Spring Data repositories in DEFAULT mode.
2020-01-21 00:11:01.690 -[main]- [ INFO  ] [ o.s.d.r.config.RepositoryConfigurationDelegate : 182 ] - Finished Spring Data repository scanning in 16ms. Found 0 repository interfaces.
2020-01-21 00:11:02.047 -[main]- [ INFO  ] [ o.s.c.s.PostProcessorRegistrationDelegate$BeanPostProcessorChecker : 330 ] - Bean 'org.springframework.transaction.annotation.ProxyTransactionManagementConfiguration' of type [org.springframework.transaction.annotation.ProxyTransactionManagementConfiguration$$EnhancerBySpringCGLIB$$a7b5932c] is not eligible for getting processed by all BeanPostProcessors (for example: not eligible for auto-proxying)
2020-01-21 00:11:02.284 -[main]- [ INFO  ] [ o.s.boot.web.embedded.tomcat.TomcatWebServer : 90 ] - Tomcat initialized with port(s): 8089 (http)
2020-01-21 00:11:02.303 -[main]- [ INFO  ] [ org.apache.catalina.core.StandardService : 173 ] - Starting service [Tomcat]
2020-01-21 00:11:02.303 -[main]- [ INFO  ] [ org.apache.catalina.core.StandardEngine : 173 ] - Starting Servlet engine: [Apache Tomcat/9.0.19]
2020-01-21 00:11:02.308 -[main]- [ INFO  ] [ org.apache.catalina.core.AprLifecycleListener : 173 ] - An older version [1.2.18] of the APR based Apache Tomcat Native library is installed, while Tomcat recommends a minimum version of [1.2.21]
2020-01-21 00:11:02.308 -[main]- [ INFO  ] [ org.apache.catalina.core.AprLifecycleListener : 173 ] - Loaded APR based Apache Tomcat Native library [1.2.18] using APR version [1.6.5].
2020-01-21 00:11:02.309 -[main]- [ INFO  ] [ org.apache.catalina.core.AprLifecycleListener : 173 ] - APR capabilities: IPv6 [true], sendfile [true], accept filters [false], random [true].
2020-01-21 00:11:02.309 -[main]- [ INFO  ] [ org.apache.catalina.core.AprLifecycleListener : 173 ] - APR/OpenSSL configuration: useAprConnector [false], useOpenSSL [true]
2020-01-21 00:11:02.311 -[main]- [ INFO  ] [ org.apache.catalina.core.AprLifecycleListener : 173 ] - OpenSSL successfully initialized [OpenSSL 1.1.1  11 Sep 2018]
2020-01-21 00:11:02.409 -[main]- [ INFO  ] [ o.a.c.core.ContainerBase.[Tomcat].[localhost].[/] : 173 ] - Initializing Spring embedded WebApplicationContext
2020-01-21 00:11:02.410 -[main]- [ INFO  ] [ org.springframework.web.context.ContextLoader : 296 ] - Root WebApplicationContext: initialization completed in 1476 ms
2020-01-21 00:11:02.820 -[main]- [ INFO  ] [ o.s.scheduling.concurrent.ThreadPoolTaskExecutor : 171 ] - Initializing ExecutorService 'applicationTaskExecutor'
2020-01-21 00:11:02.854 -[main]- [ WARN  ] [ o.s.b.w.s.c.AnnotationConfigServletWebServerApplicationContext : 557 ] - Exception encountered during context initialization - cancelling refresh attempt: org.springframework.beans.factory.BeanCreationException: Error creating bean with name 'requestMappingHandlerMapping' defined in class path resource [org/springframework/boot/autoconfigure/web/servlet/WebMvcAutoConfiguration$EnableWebMvcConfiguration.class]: Invocation of init method failed; nested exception is java.lang.IllegalStateException: Ambiguous mapping. Cannot map 'wechatController' method 
public void com.chen.wechat.controller.WechatController.wechatRsp(javax.servlet.http.HttpServletRequest,javax.servlet.http.HttpServletResponse)
to { /wechat/msg/callback}: There is already 'wechatController' bean method
public void com.chen.wechat.controller.WechatController.wechat(javax.servlet.http.HttpServletRequest,javax.servlet.http.HttpServletResponse) mapped.
2020-01-21 00:11:02.855 -[main]- [ INFO  ] [ o.s.scheduling.concurrent.ThreadPoolTaskExecutor : 208 ] - Shutting down ExecutorService 'applicationTaskExecutor'
2020-01-21 00:11:02.857 -[main]- [ INFO  ] [ org.apache.catalina.core.StandardService : 173 ] - Stopping service [Tomcat]
2020-01-21 00:11:02.925 -[main]- [ INFO  ] [ o.s.b.a.l.ConditionEvaluationReportLoggingListener : 142 ] - 

Error starting ApplicationContext. To display the conditions report re-run your application with 'debug' enabled.
2020-01-21 00:11:02.950 -[main]- [ ERROR ] [ org.springframework.boot.SpringApplication : 858 ] - Application run failed
org.springframework.beans.factory.BeanCreationException: Error creating bean with name 'requestMappingHandlerMapping' defined in class path resource [org/springframework/boot/autoconfigure/web/servlet/WebMvcAutoConfiguration$EnableWebMvcConfiguration.class]: Invocation of init method failed; nested exception is java.lang.IllegalStateException: Ambiguous mapping. Cannot map 'wechatController' method 
public void com.chen.wechat.controller.WechatController.wechatRsp(javax.servlet.http.HttpServletRequest,javax.servlet.http.HttpServletResponse)
to { /wechat/msg/callback}: There is already 'wechatController' bean method
public void com.chen.wechat.controller.WechatController.wechat(javax.servlet.http.HttpServletRequest,javax.servlet.http.HttpServletResponse) mapped.
	at org.springframework.beans.factory.support.AbstractAutowireCapableBeanFactory.initializeBean(AbstractAutowireCapableBeanFactory.java:1778)
	at org.springframework.beans.factory.support.AbstractAutowireCapableBeanFactory.doCreateBean(AbstractAutowireCapableBeanFactory.java:593)
	at org.springframework.beans.factory.support.AbstractAutowireCapableBeanFactory.createBean(AbstractAutowireCapableBeanFactory.java:515)
	at org.springframework.beans.factory.support.AbstractBeanFactory.lambda$doGetBean$0(AbstractBeanFactory.java:320)
	at org.springframework.beans.factory.support.DefaultSingletonBeanRegistry.getSingleton(DefaultSingletonBeanRegistry.java:222)
	at org.springframework.beans.factory.support.AbstractBeanFactory.doGetBean(AbstractBeanFactory.java:318)
	at org.springframework.beans.factory.support.AbstractBeanFactory.getBean(AbstractBeanFactory.java:199)
	at org.springframework.beans.factory.support.DefaultListableBeanFactory.preInstantiateSingletons(DefaultListableBeanFactory.java:843)
	at org.springframework.context.support.AbstractApplicationContext.finishBeanFactoryInitialization(AbstractApplicationContext.java:877)
	at org.springframework.context.support.AbstractApplicationContext.refresh(AbstractApplicationContext.java:549)
	at org.springframework.boot.web.servlet.context.ServletWebServerApplicationContext.refresh(ServletWebServerApplicationContext.java:142)
	at org.springframework.boot.SpringApplication.refresh(SpringApplication.java:775)
	at org.springframework.boot.SpringApplication.refreshContext(SpringApplication.java:397)
	at org.springframework.boot.SpringApplication.run(SpringApplication.java:316)
	at org.springframework.boot.SpringApplication.run(SpringApplication.java:1260)
	at org.springframework.boot.SpringApplication.run(SpringApplication.java:1248)
	at com.chen.wechat.WechatApplication.main(WechatApplication.java:12)
Caused by: java.lang.IllegalStateException: Ambiguous mapping. Cannot map 'wechatController' method 
public void com.chen.wechat.controller.WechatController.wechatRsp(javax.servlet.http.HttpServletRequest,javax.servlet.http.HttpServletResponse)
to { /wechat/msg/callback}: There is already 'wechatController' bean method
public void com.chen.wechat.controller.WechatController.wechat(javax.servlet.http.HttpServletRequest,javax.servlet.http.HttpServletResponse) mapped.
	at org.springframework.web.servlet.handler.AbstractHandlerMethodMapping$MappingRegistry.assertUniqueMethodMapping(AbstractHandlerMethodMapping.java:618)
	at org.springframework.web.servlet.handler.AbstractHandlerMethodMapping$MappingRegistry.register(AbstractHandlerMethodMapping.java:586)
	at org.springframework.web.servlet.handler.AbstractHandlerMethodMapping.registerHandlerMethod(AbstractHandlerMethodMapping.java:312)
	at org.springframework.web.servlet.handler.AbstractHandlerMethodMapping.lambda$detectHandlerMethods$1(AbstractHandlerMethodMapping.java:282)
	at java.util.LinkedHashMap.forEach(LinkedHashMap.java:684)
	at org.springframework.web.servlet.handler.AbstractHandlerMethodMapping.detectHandlerMethods(AbstractHandlerMethodMapping.java:280)
	at org.springframework.web.servlet.handler.AbstractHandlerMethodMapping.processCandidateBean(AbstractHandlerMethodMapping.java:252)
	at org.springframework.web.servlet.handler.AbstractHandlerMethodMapping.initHandlerMethods(AbstractHandlerMethodMapping.java:211)
	at org.springframework.web.servlet.handler.AbstractHandlerMethodMapping.afterPropertiesSet(AbstractHandlerMethodMapping.java:199)
	at org.springframework.web.servlet.mvc.method.annotation.RequestMappingHandlerMapping.afterPropertiesSet(RequestMappingHandlerMapping.java:164)
	at org.springframework.beans.factory.support.AbstractAutowireCapableBeanFactory.invokeInitMethods(AbstractAutowireCapableBeanFactory.java:1837)
	at org.springframework.beans.factory.support.AbstractAutowireCapableBeanFactory.initializeBean(AbstractAutowireCapableBeanFactory.java:1774)
	... 16 common frames omitted
2020-01-21 00:11:19.592 -[main]- [ INFO  ] [ com.chen.wechat.WechatApplication : 50 ] - Starting WechatApplication on DESKTOP-10FFVAI with PID 18924 (F:\chen\wechat\wechat\target\classes started by chen in F:\chen\wechat\wechat)
2020-01-21 00:11:19.594 -[main]- [ INFO  ] [ com.chen.wechat.WechatApplication : 679 ] - The following profiles are active: prod
2020-01-21 00:11:20.375 -[main]- [ INFO  ] [ o.s.d.r.config.RepositoryConfigurationDelegate : 244 ] - Multiple Spring Data modules found, entering strict repository configuration mode!
2020-01-21 00:11:20.377 -[main]- [ INFO  ] [ o.s.d.r.config.RepositoryConfigurationDelegate : 126 ] - Bootstrapping Spring Data repositories in DEFAULT mode.
2020-01-21 00:11:20.407 -[main]- [ INFO  ] [ o.s.d.r.config.RepositoryConfigurationDelegate : 182 ] - Finished Spring Data repository scanning in 16ms. Found 0 repository interfaces.
2020-01-21 00:11:20.730 -[main]- [ INFO  ] [ o.s.c.s.PostProcessorRegistrationDelegate$BeanPostProcessorChecker : 330 ] - Bean 'org.springframework.transaction.annotation.ProxyTransactionManagementConfiguration' of type [org.springframework.transaction.annotation.ProxyTransactionManagementConfiguration$$EnhancerBySpringCGLIB$$ece75ca4] is not eligible for getting processed by all BeanPostProcessors (for example: not eligible for auto-proxying)
2020-01-21 00:11:20.927 -[main]- [ INFO  ] [ o.s.boot.web.embedded.tomcat.TomcatWebServer : 90 ] - Tomcat initialized with port(s): 8089 (http)
2020-01-21 00:11:20.946 -[main]- [ INFO  ] [ org.apache.catalina.core.StandardService : 173 ] - Starting service [Tomcat]
2020-01-21 00:11:20.946 -[main]- [ INFO  ] [ org.apache.catalina.core.StandardEngine : 173 ] - Starting Servlet engine: [Apache Tomcat/9.0.19]
2020-01-21 00:11:20.950 -[main]- [ INFO  ] [ org.apache.catalina.core.AprLifecycleListener : 173 ] - An older version [1.2.18] of the APR based Apache Tomcat Native library is installed, while Tomcat recommends a minimum version of [1.2.21]
2020-01-21 00:11:20.951 -[main]- [ INFO  ] [ org.apache.catalina.core.AprLifecycleListener : 173 ] - Loaded APR based Apache Tomcat Native library [1.2.18] using APR version [1.6.5].
2020-01-21 00:11:20.951 -[main]- [ INFO  ] [ org.apache.catalina.core.AprLifecycleListener : 173 ] - APR capabilities: IPv6 [true], sendfile [true], accept filters [false], random [true].
2020-01-21 00:11:20.951 -[main]- [ INFO  ] [ org.apache.catalina.core.AprLifecycleListener : 173 ] - APR/OpenSSL configuration: useAprConnector [false], useOpenSSL [true]
2020-01-21 00:11:20.954 -[main]- [ INFO  ] [ org.apache.catalina.core.AprLifecycleListener : 173 ] - OpenSSL successfully initialized [OpenSSL 1.1.1  11 Sep 2018]
2020-01-21 00:11:21.050 -[main]- [ INFO  ] [ o.a.c.core.ContainerBase.[Tomcat].[localhost].[/] : 173 ] - Initializing Spring embedded WebApplicationContext
2020-01-21 00:11:21.050 -[main]- [ INFO  ] [ org.springframework.web.context.ContextLoader : 296 ] - Root WebApplicationContext: initialization completed in 1398 ms
2020-01-21 00:11:21.441 -[main]- [ INFO  ] [ o.s.scheduling.concurrent.ThreadPoolTaskExecutor : 171 ] - Initializing ExecutorService 'applicationTaskExecutor'
2020-01-21 00:11:21.715 -[main]- [ INFO  ] [ o.s.scheduling.concurrent.ThreadPoolTaskExecutor : 171 ] - Initializing ExecutorService
2020-01-21 00:11:21.933 -[main]- [ INFO  ] [ o.a.c.core.ContainerBase.[Tomcat].[localhost].[/] : 173 ] - Initializing Spring DispatcherServlet 'dispatcherServlet'
2020-01-21 00:11:21.933 -[main]- [ INFO  ] [ org.springframework.web.servlet.DispatcherServlet : 524 ] - Initializing Servlet 'dispatcherServlet'
2020-01-21 00:11:21.938 -[main]- [ INFO  ] [ org.springframework.web.servlet.DispatcherServlet : 546 ] - Completed initialization in 5 ms
2020-01-21 00:11:21.939 -[main]- [ INFO  ] [ o.s.boot.web.embedded.tomcat.TomcatWebServer : 204 ] - Tomcat started on port(s): 8089 (http) with context path ''
2020-01-21 00:11:21.941 -[main]- [ INFO  ] [ com.chen.wechat.WechatApplication : 59 ] - Started WechatApplication in 2.768 seconds (JVM running for 3.879)
2020-01-21 00:12:04.181 -[main]- [ INFO  ] [ com.chen.wechat.WechatApplication : 50 ] - Starting WechatApplication on DESKTOP-10FFVAI with PID 9348 (F:\chen\wechat\wechat\target\classes started by chen in F:\chen\wechat\wechat)
2020-01-21 00:12:04.184 -[main]- [ INFO  ] [ com.chen.wechat.WechatApplication : 679 ] - The following profiles are active: prod
2020-01-21 00:12:05.022 -[main]- [ INFO  ] [ o.s.d.r.config.RepositoryConfigurationDelegate : 244 ] - Multiple Spring Data modules found, entering strict repository configuration mode!
2020-01-21 00:12:05.025 -[main]- [ INFO  ] [ o.s.d.r.config.RepositoryConfigurationDelegate : 126 ] - Bootstrapping Spring Data repositories in DEFAULT mode.
2020-01-21 00:12:05.059 -[main]- [ INFO  ] [ o.s.d.r.config.RepositoryConfigurationDelegate : 182 ] - Finished Spring Data repository scanning in 19ms. Found 0 repository interfaces.
2020-01-21 00:12:05.415 -[main]- [ INFO  ] [ o.s.c.s.PostProcessorRegistrationDelegate$BeanPostProcessorChecker : 330 ] - Bean 'org.springframework.transaction.annotation.ProxyTransactionManagementConfiguration' of type [org.springframework.transaction.annotation.ProxyTransactionManagementConfiguration$$EnhancerBySpringCGLIB$$de0812b4] is not eligible for getting processed by all BeanPostProcessors (for example: not eligible for auto-proxying)
2020-01-21 00:12:05.648 -[main]- [ INFO  ] [ o.s.boot.web.embedded.tomcat.TomcatWebServer : 90 ] - Tomcat initialized with port(s): 8089 (http)
2020-01-21 00:12:05.674 -[main]- [ INFO  ] [ org.apache.catalina.core.StandardService : 173 ] - Starting service [Tomcat]
2020-01-21 00:12:05.675 -[main]- [ INFO  ] [ org.apache.catalina.core.StandardEngine : 173 ] - Starting Servlet engine: [Apache Tomcat/9.0.19]
2020-01-21 00:12:05.683 -[main]- [ INFO  ] [ org.apache.catalina.core.AprLifecycleListener : 173 ] - An older version [1.2.18] of the APR based Apache Tomcat Native library is installed, while Tomcat recommends a minimum version of [1.2.21]
2020-01-21 00:12:05.683 -[main]- [ INFO  ] [ org.apache.catalina.core.AprLifecycleListener : 173 ] - Loaded APR based Apache Tomcat Native library [1.2.18] using APR version [1.6.5].
2020-01-21 00:12:05.684 -[main]- [ INFO  ] [ org.apache.catalina.core.AprLifecycleListener : 173 ] - APR capabilities: IPv6 [true], sendfile [true], accept filters [false], random [true].
2020-01-21 00:12:05.685 -[main]- [ INFO  ] [ org.apache.catalina.core.AprLifecycleListener : 173 ] - APR/OpenSSL configuration: useAprConnector [false], useOpenSSL [true]
2020-01-21 00:12:05.688 -[main]- [ INFO  ] [ org.apache.catalina.core.AprLifecycleListener : 173 ] - OpenSSL successfully initialized [OpenSSL 1.1.1  11 Sep 2018]
2020-01-21 00:12:05.821 -[main]- [ INFO  ] [ o.a.c.core.ContainerBase.[Tomcat].[localhost].[/] : 173 ] - Initializing Spring embedded WebApplicationContext
2020-01-21 00:12:05.822 -[main]- [ INFO  ] [ org.springframework.web.context.ContextLoader : 296 ] - Root WebApplicationContext: initialization completed in 1584 ms
2020-01-21 00:12:06.349 -[main]- [ INFO  ] [ o.s.scheduling.concurrent.ThreadPoolTaskExecutor : 171 ] - Initializing ExecutorService 'applicationTaskExecutor'
2020-01-21 00:12:06.734 -[main]- [ INFO  ] [ o.s.scheduling.concurrent.ThreadPoolTaskExecutor : 171 ] - Initializing ExecutorService
2020-01-21 00:12:07.017 -[main]- [ INFO  ] [ o.a.c.core.ContainerBase.[Tomcat].[localhost].[/] : 173 ] - Initializing Spring DispatcherServlet 'dispatcherServlet'
2020-01-21 00:12:07.017 -[main]- [ INFO  ] [ org.springframework.web.servlet.DispatcherServlet : 524 ] - Initializing Servlet 'dispatcherServlet'
2020-01-21 00:12:07.024 -[main]- [ INFO  ] [ org.springframework.web.servlet.DispatcherServlet : 546 ] - Completed initialization in 6 ms
2020-01-21 00:12:07.026 -[main]- [ INFO  ] [ o.s.boot.web.embedded.tomcat.TomcatWebServer : 204 ] - Tomcat started on port(s): 8089 (http) with context path ''
2020-01-21 00:12:07.028 -[main]- [ INFO  ] [ com.chen.wechat.WechatApplication : 59 ] - Started WechatApplication in 3.345 seconds (JVM running for 4.616)
2020-01-21 00:12:43.198 -[http-nio-8089-exec-1]- [ INFO  ] [ com.chen.wechat.service.impl.WxServiceImpl : 152 ] - 检查参数成功
2020-01-21 00:12:43.200 -[http-nio-8089-exec-1]- [ INFO  ] [ com.chen.wechat.service.impl.WxServiceImpl : 125 ] - 响应成功
2020-01-21 00:13:42.577 -[main]- [ INFO  ] [ com.chen.wechat.WechatApplication : 50 ] - Starting WechatApplication on DESKTOP-10FFVAI with PID 16952 (F:\chen\wechat\wechat\target\classes started by chen in F:\chen\wechat\wechat)
2020-01-21 00:13:42.579 -[main]- [ INFO  ] [ com.chen.wechat.WechatApplication : 679 ] - The following profiles are active: prod
2020-01-21 00:13:43.427 -[main]- [ INFO  ] [ o.s.d.r.config.RepositoryConfigurationDelegate : 244 ] - Multiple Spring Data modules found, entering strict repository configuration mode!
2020-01-21 00:13:43.431 -[main]- [ INFO  ] [ o.s.d.r.config.RepositoryConfigurationDelegate : 126 ] - Bootstrapping Spring Data repositories in DEFAULT mode.
2020-01-21 00:13:43.475 -[main]- [ INFO  ] [ o.s.d.r.config.RepositoryConfigurationDelegate : 182 ] - Finished Spring Data repository scanning in 25ms. Found 0 repository interfaces.
2020-01-21 00:13:43.845 -[main]- [ INFO  ] [ o.s.c.s.PostProcessorRegistrationDelegate$BeanPostProcessorChecker : 330 ] - Bean 'org.springframework.transaction.annotation.ProxyTransactionManagementConfiguration' of type [org.springframework.transaction.annotation.ProxyTransactionManagementConfiguration$$EnhancerBySpringCGLIB$$bcdbc26e] is not eligible for getting processed by all BeanPostProcessors (for example: not eligible for auto-proxying)
2020-01-21 00:13:44.048 -[main]- [ INFO  ] [ o.s.boot.web.embedded.tomcat.TomcatWebServer : 90 ] - Tomcat initialized with port(s): 8089 (http)
2020-01-21 00:13:44.067 -[main]- [ INFO  ] [ org.apache.catalina.core.StandardService : 173 ] - Starting service [Tomcat]
2020-01-21 00:13:44.067 -[main]- [ INFO  ] [ org.apache.catalina.core.StandardEngine : 173 ] - Starting Servlet engine: [Apache Tomcat/9.0.19]
2020-01-21 00:13:44.071 -[main]- [ INFO  ] [ org.apache.catalina.core.AprLifecycleListener : 173 ] - An older version [1.2.18] of the APR based Apache Tomcat Native library is installed, while Tomcat recommends a minimum version of [1.2.21]
2020-01-21 00:13:44.072 -[main]- [ INFO  ] [ org.apache.catalina.core.AprLifecycleListener : 173 ] - Loaded APR based Apache Tomcat Native library [1.2.18] using APR version [1.6.5].
2020-01-21 00:13:44.072 -[main]- [ INFO  ] [ org.apache.catalina.core.AprLifecycleListener : 173 ] - APR capabilities: IPv6 [true], sendfile [true], accept filters [false], random [true].
2020-01-21 00:13:44.072 -[main]- [ INFO  ] [ org.apache.catalina.core.AprLifecycleListener : 173 ] - APR/OpenSSL configuration: useAprConnector [false], useOpenSSL [true]
2020-01-21 00:13:44.074 -[main]- [ INFO  ] [ org.apache.catalina.core.AprLifecycleListener : 173 ] - OpenSSL successfully initialized [OpenSSL 1.1.1  11 Sep 2018]
2020-01-21 00:13:44.189 -[main]- [ INFO  ] [ o.a.c.core.ContainerBase.[Tomcat].[localhost].[/] : 173 ] - Initializing Spring embedded WebApplicationContext
2020-01-21 00:13:44.189 -[main]- [ INFO  ] [ org.springframework.web.context.ContextLoader : 296 ] - Root WebApplicationContext: initialization completed in 1567 ms
2020-01-21 00:13:44.582 -[main]- [ INFO  ] [ o.s.scheduling.concurrent.ThreadPoolTaskExecutor : 171 ] - Initializing ExecutorService 'applicationTaskExecutor'
2020-01-21 00:13:44.851 -[main]- [ INFO  ] [ o.s.scheduling.concurrent.ThreadPoolTaskExecutor : 171 ] - Initializing ExecutorService
2020-01-21 00:13:45.063 -[main]- [ INFO  ] [ o.a.c.core.ContainerBase.[Tomcat].[localhost].[/] : 173 ] - Initializing Spring DispatcherServlet 'dispatcherServlet'
2020-01-21 00:13:45.064 -[main]- [ INFO  ] [ org.springframework.web.servlet.DispatcherServlet : 524 ] - Initializing Servlet 'dispatcherServlet'
2020-01-21 00:13:45.068 -[main]- [ INFO  ] [ org.springframework.web.servlet.DispatcherServlet : 546 ] - Completed initialization in 4 ms
2020-01-21 00:13:45.069 -[main]- [ INFO  ] [ o.s.boot.web.embedded.tomcat.TomcatWebServer : 204 ] - Tomcat started on port(s): 8089 (http) with context path ''
2020-01-21 00:13:45.071 -[main]- [ INFO  ] [ com.chen.wechat.WechatApplication : 59 ] - Started WechatApplication in 2.903 seconds (JVM running for 3.933)
2020-01-21 00:13:52.866 -[http-nio-8089-exec-1]- [ INFO  ] [ com.chen.wechat.service.impl.WxServiceImpl : 152 ] - 检查参数成功
2020-01-21 00:13:52.868 -[http-nio-8089-exec-1]- [ INFO  ] [ com.chen.wechat.service.impl.WxServiceImpl : 125 ] - 响应成功
2020-01-21 00:15:16.833 -[http-nio-8089-exec-2]- [ INFO  ] [ com.chen.wechat.service.impl.WxServiceImpl : 152 ] - 检查参数成功
2020-01-21 00:15:16.835 -[http-nio-8089-exec-2]- [ INFO  ] [ com.chen.wechat.service.impl.WxServiceImpl : 125 ] - 响应成功
2020-01-21 00:15:31.753 -[main]- [ INFO  ] [ com.chen.wechat.WechatApplication : 50 ] - Starting WechatApplication on DESKTOP-10FFVAI with PID 19996 (F:\chen\wechat\wechat\target\classes started by chen in F:\chen\wechat\wechat)
2020-01-21 00:15:31.756 -[main]- [ INFO  ] [ com.chen.wechat.WechatApplication : 679 ] - The following profiles are active: prod
2020-01-21 00:15:32.503 -[main]- [ INFO  ] [ o.s.d.r.config.RepositoryConfigurationDelegate : 244 ] - Multiple Spring Data modules found, entering strict repository configuration mode!
2020-01-21 00:15:32.506 -[main]- [ INFO  ] [ o.s.d.r.config.RepositoryConfigurationDelegate : 126 ] - Bootstrapping Spring Data repositories in DEFAULT mode.
2020-01-21 00:15:32.536 -[main]- [ INFO  ] [ o.s.d.r.config.RepositoryConfigurationDelegate : 182 ] - Finished Spring Data repository scanning in 18ms. Found 0 repository interfaces.
2020-01-21 00:15:32.855 -[main]- [ INFO  ] [ o.s.c.s.PostProcessorRegistrationDelegate$BeanPostProcessorChecker : 330 ] - Bean 'org.springframework.transaction.annotation.ProxyTransactionManagementConfiguration' of type [org.springframework.transaction.annotation.ProxyTransactionManagementConfiguration$$EnhancerBySpringCGLIB$$daee200f] is not eligible for getting processed by all BeanPostProcessors (for example: not eligible for auto-proxying)
2020-01-21 00:15:33.064 -[main]- [ INFO  ] [ o.s.boot.web.embedded.tomcat.TomcatWebServer : 90 ] - Tomcat initialized with port(s): 8089 (http)
2020-01-21 00:15:33.080 -[main]- [ INFO  ] [ org.apache.catalina.core.StandardService : 173 ] - Starting service [Tomcat]
2020-01-21 00:15:33.081 -[main]- [ INFO  ] [ org.apache.catalina.core.StandardEngine : 173 ] - Starting Servlet engine: [Apache Tomcat/9.0.19]
2020-01-21 00:15:33.086 -[main]- [ INFO  ] [ org.apache.catalina.core.AprLifecycleListener : 173 ] - An older version [1.2.18] of the APR based Apache Tomcat Native library is installed, while Tomcat recommends a minimum version of [1.2.21]
2020-01-21 00:15:33.086 -[main]- [ INFO  ] [ org.apache.catalina.core.AprLifecycleListener : 173 ] - Loaded APR based Apache Tomcat Native library [1.2.18] using APR version [1.6.5].
2020-01-21 00:15:33.086 -[main]- [ INFO  ] [ org.apache.catalina.core.AprLifecycleListener : 173 ] - APR capabilities: IPv6 [true], sendfile [true], accept filters [false], random [true].
2020-01-21 00:15:33.086 -[main]- [ INFO  ] [ org.apache.catalina.core.AprLifecycleListener : 173 ] - APR/OpenSSL configuration: useAprConnector [false], useOpenSSL [true]
2020-01-21 00:15:33.088 -[main]- [ INFO  ] [ org.apache.catalina.core.AprLifecycleListener : 173 ] - OpenSSL successfully initialized [OpenSSL 1.1.1  11 Sep 2018]
2020-01-21 00:15:33.188 -[main]- [ INFO  ] [ o.a.c.core.ContainerBase.[Tomcat].[localhost].[/] : 173 ] - Initializing Spring embedded WebApplicationContext
2020-01-21 00:15:33.188 -[main]- [ INFO  ] [ org.springframework.web.context.ContextLoader : 296 ] - Root WebApplicationContext: initialization completed in 1386 ms
2020-01-21 00:15:33.643 -[main]- [ INFO  ] [ o.s.scheduling.concurrent.ThreadPoolTaskExecutor : 171 ] - Initializing ExecutorService 'applicationTaskExecutor'
2020-01-21 00:15:33.678 -[main]- [ WARN  ] [ o.s.b.w.s.c.AnnotationConfigServletWebServerApplicationContext : 557 ] - Exception encountered during context initialization - cancelling refresh attempt: org.springframework.beans.factory.BeanCreationException: Error creating bean with name 'requestMappingHandlerMapping' defined in class path resource [org/springframework/boot/autoconfigure/web/servlet/WebMvcAutoConfiguration$EnableWebMvcConfiguration.class]: Invocation of init method failed; nested exception is java.lang.IllegalStateException: Ambiguous mapping. Cannot map 'wechatController' method 
public void com.chen.wechat.controller.WechatController.wechatRsp(javax.servlet.http.HttpServletRequest,javax.servlet.http.HttpServletResponse)
to { /wechat/msg/callback}: There is already 'wechatController' bean method
public void com.chen.wechat.controller.WechatController.wechat(javax.servlet.http.HttpServletRequest,javax.servlet.http.HttpServletResponse) mapped.
2020-01-21 00:15:33.678 -[main]- [ INFO  ] [ o.s.scheduling.concurrent.ThreadPoolTaskExecutor : 208 ] - Shutting down ExecutorService 'applicationTaskExecutor'
2020-01-21 00:15:33.681 -[main]- [ INFO  ] [ org.apache.catalina.core.StandardService : 173 ] - Stopping service [Tomcat]
2020-01-21 00:15:33.692 -[main]- [ INFO  ] [ o.s.b.a.l.ConditionEvaluationReportLoggingListener : 142 ] - 

Error starting ApplicationContext. To display the conditions report re-run your application with 'debug' enabled.
2020-01-21 00:15:33.696 -[main]- [ ERROR ] [ org.springframework.boot.SpringApplication : 858 ] - Application run failed
org.springframework.beans.factory.BeanCreationException: Error creating bean with name 'requestMappingHandlerMapping' defined in class path resource [org/springframework/boot/autoconfigure/web/servlet/WebMvcAutoConfiguration$EnableWebMvcConfiguration.class]: Invocation of init method failed; nested exception is java.lang.IllegalStateException: Ambiguous mapping. Cannot map 'wechatController' method 
public void com.chen.wechat.controller.WechatController.wechatRsp(javax.servlet.http.HttpServletRequest,javax.servlet.http.HttpServletResponse)
to { /wechat/msg/callback}: There is already 'wechatController' bean method
public void com.chen.wechat.controller.WechatController.wechat(javax.servlet.http.HttpServletRequest,javax.servlet.http.HttpServletResponse) mapped.
	at org.springframework.beans.factory.support.AbstractAutowireCapableBeanFactory.initializeBean(AbstractAutowireCapableBeanFactory.java:1778)
	at org.springframework.beans.factory.support.AbstractAutowireCapableBeanFactory.doCreateBean(AbstractAutowireCapableBeanFactory.java:593)
	at org.springframework.beans.factory.support.AbstractAutowireCapableBeanFactory.createBean(AbstractAutowireCapableBeanFactory.java:515)
	at org.springframework.beans.factory.support.AbstractBeanFactory.lambda$doGetBean$0(AbstractBeanFactory.java:320)
	at org.springframework.beans.factory.support.DefaultSingletonBeanRegistry.getSingleton(DefaultSingletonBeanRegistry.java:222)
	at org.springframework.beans.factory.support.AbstractBeanFactory.doGetBean(AbstractBeanFactory.java:318)
	at org.springframework.beans.factory.support.AbstractBeanFactory.getBean(AbstractBeanFactory.java:199)
	at org.springframework.beans.factory.support.DefaultListableBeanFactory.preInstantiateSingletons(DefaultListableBeanFactory.java:843)
	at org.springframework.context.support.AbstractApplicationContext.finishBeanFactoryInitialization(AbstractApplicationContext.java:877)
	at org.springframework.context.support.AbstractApplicationContext.refresh(AbstractApplicationContext.java:549)
	at org.springframework.boot.web.servlet.context.ServletWebServerApplicationContext.refresh(ServletWebServerApplicationContext.java:142)
	at org.springframework.boot.SpringApplication.refresh(SpringApplication.java:775)
	at org.springframework.boot.SpringApplication.refreshContext(SpringApplication.java:397)
	at org.springframework.boot.SpringApplication.run(SpringApplication.java:316)
	at org.springframework.boot.SpringApplication.run(SpringApplication.java:1260)
	at org.springframework.boot.SpringApplication.run(SpringApplication.java:1248)
	at com.chen.wechat.WechatApplication.main(WechatApplication.java:12)
Caused by: java.lang.IllegalStateException: Ambiguous mapping. Cannot map 'wechatController' method 
public void com.chen.wechat.controller.WechatController.wechatRsp(javax.servlet.http.HttpServletRequest,javax.servlet.http.HttpServletResponse)
to { /wechat/msg/callback}: There is already 'wechatController' bean method
public void com.chen.wechat.controller.WechatController.wechat(javax.servlet.http.HttpServletRequest,javax.servlet.http.HttpServletResponse) mapped.
	at org.springframework.web.servlet.handler.AbstractHandlerMethodMapping$MappingRegistry.assertUniqueMethodMapping(AbstractHandlerMethodMapping.java:618)
	at org.springframework.web.servlet.handler.AbstractHandlerMethodMapping$MappingRegistry.register(AbstractHandlerMethodMapping.java:586)
	at org.springframework.web.servlet.handler.AbstractHandlerMethodMapping.registerHandlerMethod(AbstractHandlerMethodMapping.java:312)
	at org.springframework.web.servlet.handler.AbstractHandlerMethodMapping.lambda$detectHandlerMethods$1(AbstractHandlerMethodMapping.java:282)
	at java.util.LinkedHashMap.forEach(LinkedHashMap.java:684)
	at org.springframework.web.servlet.handler.AbstractHandlerMethodMapping.detectHandlerMethods(AbstractHandlerMethodMapping.java:280)
	at org.springframework.web.servlet.handler.AbstractHandlerMethodMapping.processCandidateBean(AbstractHandlerMethodMapping.java:252)
	at org.springframework.web.servlet.handler.AbstractHandlerMethodMapping.initHandlerMethods(AbstractHandlerMethodMapping.java:211)
	at org.springframework.web.servlet.handler.AbstractHandlerMethodMapping.afterPropertiesSet(AbstractHandlerMethodMapping.java:199)
	at org.springframework.web.servlet.mvc.method.annotation.RequestMappingHandlerMapping.afterPropertiesSet(RequestMappingHandlerMapping.java:164)
	at org.springframework.beans.factory.support.AbstractAutowireCapableBeanFactory.invokeInitMethods(AbstractAutowireCapableBeanFactory.java:1837)
	at org.springframework.beans.factory.support.AbstractAutowireCapableBeanFactory.initializeBean(AbstractAutowireCapableBeanFactory.java:1774)
	... 16 common frames omitted
2020-01-21 00:15:44.700 -[main]- [ INFO  ] [ com.chen.wechat.WechatApplication : 50 ] - Starting WechatApplication on DESKTOP-10FFVAI with PID 18756 (F:\chen\wechat\wechat\target\classes started by chen in F:\chen\wechat\wechat)
2020-01-21 00:15:44.702 -[main]- [ INFO  ] [ com.chen.wechat.WechatApplication : 679 ] - The following profiles are active: dev
2020-01-21 00:15:45.372 -[main]- [ INFO  ] [ o.s.d.r.config.RepositoryConfigurationDelegate : 244 ] - Multiple Spring Data modules found, entering strict repository configuration mode!
2020-01-21 00:15:45.374 -[main]- [ INFO  ] [ o.s.d.r.config.RepositoryConfigurationDelegate : 126 ] - Bootstrapping Spring Data repositories in DEFAULT mode.
2020-01-21 00:15:45.402 -[main]- [ INFO  ] [ o.s.d.r.config.RepositoryConfigurationDelegate : 182 ] - Finished Spring Data repository scanning in 15ms. Found 0 repository interfaces.
2020-01-21 00:15:45.682 -[main]- [ INFO  ] [ o.s.c.s.PostProcessorRegistrationDelegate$BeanPostProcessorChecker : 330 ] - Bean 'org.springframework.transaction.annotation.ProxyTransactionManagementConfiguration' of type [org.springframework.transaction.annotation.ProxyTransactionManagementConfiguration$$EnhancerBySpringCGLIB$$6852f687] is not eligible for getting processed by all BeanPostProcessors (for example: not eligible for auto-proxying)
2020-01-21 00:15:45.870 -[main]- [ INFO  ] [ o.s.boot.web.embedded.tomcat.TomcatWebServer : 90 ] - Tomcat initialized with port(s): 8089 (http)
2020-01-21 00:15:45.885 -[main]- [ INFO  ] [ org.apache.catalina.core.StandardService : 173 ] - Starting service [Tomcat]
2020-01-21 00:15:45.885 -[main]- [ INFO  ] [ org.apache.catalina.core.StandardEngine : 173 ] - Starting Servlet engine: [Apache Tomcat/9.0.19]
2020-01-21 00:15:45.891 -[main]- [ INFO  ] [ org.apache.catalina.core.AprLifecycleListener : 173 ] - An older version [1.2.18] of the APR based Apache Tomcat Native library is installed, while Tomcat recommends a minimum version of [1.2.21]
2020-01-21 00:15:45.892 -[main]- [ INFO  ] [ org.apache.catalina.core.AprLifecycleListener : 173 ] - Loaded APR based Apache Tomcat Native library [1.2.18] using APR version [1.6.5].
2020-01-21 00:15:45.892 -[main]- [ INFO  ] [ org.apache.catalina.core.AprLifecycleListener : 173 ] - APR capabilities: IPv6 [true], sendfile [true], accept filters [false], random [true].
2020-01-21 00:15:45.892 -[main]- [ INFO  ] [ org.apache.catalina.core.AprLifecycleListener : 173 ] - APR/OpenSSL configuration: useAprConnector [false], useOpenSSL [true]
2020-01-21 00:15:45.894 -[main]- [ INFO  ] [ org.apache.catalina.core.AprLifecycleListener : 173 ] - OpenSSL successfully initialized [OpenSSL 1.1.1  11 Sep 2018]
2020-01-21 00:15:45.988 -[main]- [ INFO  ] [ o.a.c.core.ContainerBase.[Tomcat].[localhost].[/] : 173 ] - Initializing Spring embedded WebApplicationContext
2020-01-21 00:15:45.989 -[main]- [ INFO  ] [ org.springframework.web.context.ContextLoader : 296 ] - Root WebApplicationContext: initialization completed in 1247 ms
2020-01-21 00:15:46.387 -[main]- [ INFO  ] [ o.s.scheduling.concurrent.ThreadPoolTaskExecutor : 171 ] - Initializing ExecutorService 'applicationTaskExecutor'
2020-01-21 00:15:46.421 -[main]- [ WARN  ] [ o.s.b.w.s.c.AnnotationConfigServletWebServerApplicationContext : 557 ] - Exception encountered during context initialization - cancelling refresh attempt: org.springframework.beans.factory.BeanCreationException: Error creating bean with name 'requestMappingHandlerMapping' defined in class path resource [org/springframework/boot/autoconfigure/web/servlet/WebMvcAutoConfiguration$EnableWebMvcConfiguration.class]: Invocation of init method failed; nested exception is java.lang.IllegalStateException: Ambiguous mapping. Cannot map 'wechatController' method 
public void com.chen.wechat.controller.WechatController.wechat(javax.servlet.http.HttpServletRequest,javax.servlet.http.HttpServletResponse)
to { /wechat/msg/callback}: There is already 'wechatController' bean method
public void com.chen.wechat.controller.WechatController.wechatRsp(javax.servlet.http.HttpServletRequest,javax.servlet.http.HttpServletResponse) mapped.
2020-01-21 00:15:46.421 -[main]- [ INFO  ] [ o.s.scheduling.concurrent.ThreadPoolTaskExecutor : 208 ] - Shutting down ExecutorService 'applicationTaskExecutor'
2020-01-21 00:15:46.423 -[main]- [ INFO  ] [ org.apache.catalina.core.StandardService : 173 ] - Stopping service [Tomcat]
2020-01-21 00:15:46.435 -[main]- [ INFO  ] [ o.s.b.a.l.ConditionEvaluationReportLoggingListener : 142 ] - 

Error starting ApplicationContext. To display the conditions report re-run your application with 'debug' enabled.
2020-01-21 00:15:46.440 -[main]- [ ERROR ] [ org.springframework.boot.SpringApplication : 858 ] - Application run failed
org.springframework.beans.factory.BeanCreationException: Error creating bean with name 'requestMappingHandlerMapping' defined in class path resource [org/springframework/boot/autoconfigure/web/servlet/WebMvcAutoConfiguration$EnableWebMvcConfiguration.class]: Invocation of init method failed; nested exception is java.lang.IllegalStateException: Ambiguous mapping. Cannot map 'wechatController' method 
public void com.chen.wechat.controller.WechatController.wechat(javax.servlet.http.HttpServletRequest,javax.servlet.http.HttpServletResponse)
to { /wechat/msg/callback}: There is already 'wechatController' bean method
public void com.chen.wechat.controller.WechatController.wechatRsp(javax.servlet.http.HttpServletRequest,javax.servlet.http.HttpServletResponse) mapped.
	at org.springframework.beans.factory.support.AbstractAutowireCapableBeanFactory.initializeBean(AbstractAutowireCapableBeanFactory.java:1778)
	at org.springframework.beans.factory.support.AbstractAutowireCapableBeanFactory.doCreateBean(AbstractAutowireCapableBeanFactory.java:593)
	at org.springframework.beans.factory.support.AbstractAutowireCapableBeanFactory.createBean(AbstractAutowireCapableBeanFactory.java:515)
	at org.springframework.beans.factory.support.AbstractBeanFactory.lambda$doGetBean$0(AbstractBeanFactory.java:320)
	at org.springframework.beans.factory.support.DefaultSingletonBeanRegistry.getSingleton(DefaultSingletonBeanRegistry.java:222)
	at org.springframework.beans.factory.support.AbstractBeanFactory.doGetBean(AbstractBeanFactory.java:318)
	at org.springframework.beans.factory.support.AbstractBeanFactory.getBean(AbstractBeanFactory.java:199)
	at org.springframework.beans.factory.support.DefaultListableBeanFactory.preInstantiateSingletons(DefaultListableBeanFactory.java:843)
	at org.springframework.context.support.AbstractApplicationContext.finishBeanFactoryInitialization(AbstractApplicationContext.java:877)
	at org.springframework.context.support.AbstractApplicationContext.refresh(AbstractApplicationContext.java:549)
	at org.springframework.boot.web.servlet.context.ServletWebServerApplicationContext.refresh(ServletWebServerApplicationContext.java:142)
	at org.springframework.boot.SpringApplication.refresh(SpringApplication.java:775)
	at org.springframework.boot.SpringApplication.refreshContext(SpringApplication.java:397)
	at org.springframework.boot.SpringApplication.run(SpringApplication.java:316)
	at org.springframework.boot.SpringApplication.run(SpringApplication.java:1260)
	at org.springframework.boot.SpringApplication.run(SpringApplication.java:1248)
	at com.chen.wechat.WechatApplication.main(WechatApplication.java:12)
Caused by: java.lang.IllegalStateException: Ambiguous mapping. Cannot map 'wechatController' method 
public void com.chen.wechat.controller.WechatController.wechat(javax.servlet.http.HttpServletRequest,javax.servlet.http.HttpServletResponse)
to { /wechat/msg/callback}: There is already 'wechatController' bean method
public void com.chen.wechat.controller.WechatController.wechatRsp(javax.servlet.http.HttpServletRequest,javax.servlet.http.HttpServletResponse) mapped.
	at org.springframework.web.servlet.handler.AbstractHandlerMethodMapping$MappingRegistry.assertUniqueMethodMapping(AbstractHandlerMethodMapping.java:618)
	at org.springframework.web.servlet.handler.AbstractHandlerMethodMapping$MappingRegistry.register(AbstractHandlerMethodMapping.java:586)
	at org.springframework.web.servlet.handler.AbstractHandlerMethodMapping.registerHandlerMethod(AbstractHandlerMethodMapping.java:312)
	at org.springframework.web.servlet.handler.AbstractHandlerMethodMapping.lambda$detectHandlerMethods$1(AbstractHandlerMethodMapping.java:282)
	at java.util.LinkedHashMap.forEach(LinkedHashMap.java:684)
	at org.springframework.web.servlet.handler.AbstractHandlerMethodMapping.detectHandlerMethods(AbstractHandlerMethodMapping.java:280)
	at org.springframework.web.servlet.handler.AbstractHandlerMethodMapping.processCandidateBean(AbstractHandlerMethodMapping.java:252)
	at org.springframework.web.servlet.handler.AbstractHandlerMethodMapping.initHandlerMethods(AbstractHandlerMethodMapping.java:211)
	at org.springframework.web.servlet.handler.AbstractHandlerMethodMapping.afterPropertiesSet(AbstractHandlerMethodMapping.java:199)
	at org.springframework.web.servlet.mvc.method.annotation.RequestMappingHandlerMapping.afterPropertiesSet(RequestMappingHandlerMapping.java:164)
	at org.springframework.beans.factory.support.AbstractAutowireCapableBeanFactory.invokeInitMethods(AbstractAutowireCapableBeanFactory.java:1837)
	at org.springframework.beans.factory.support.AbstractAutowireCapableBeanFactory.initializeBean(AbstractAutowireCapableBeanFactory.java:1774)
	... 16 common frames omitted
2020-01-21 00:16:02.417 -[main]- [ INFO  ] [ com.chen.wechat.WechatApplication : 50 ] - Starting WechatApplication on DESKTOP-10FFVAI with PID 16308 (F:\chen\wechat\wechat\target\classes started by chen in F:\chen\wechat\wechat)
2020-01-21 00:16:02.422 -[main]- [ INFO  ] [ com.chen.wechat.WechatApplication : 679 ] - The following profiles are active: dev
2020-01-21 00:16:02.953 -[main]- [ INFO  ] [ o.s.d.r.config.RepositoryConfigurationDelegate : 244 ] - Multiple Spring Data modules found, entering strict repository configuration mode!
2020-01-21 00:16:02.955 -[main]- [ INFO  ] [ o.s.d.r.config.RepositoryConfigurationDelegate : 126 ] - Bootstrapping Spring Data repositories in DEFAULT mode.
2020-01-21 00:16:02.976 -[main]- [ INFO  ] [ o.s.d.r.config.RepositoryConfigurationDelegate : 182 ] - Finished Spring Data repository scanning in 12ms. Found 0 repository interfaces.
2020-01-21 00:16:03.205 -[main]- [ INFO  ] [ o.s.c.s.PostProcessorRegistrationDelegate$BeanPostProcessorChecker : 330 ] - Bean 'org.springframework.transaction.annotation.ProxyTransactionManagementConfiguration' of type [org.springframework.transaction.annotation.ProxyTransactionManagementConfiguration$$EnhancerBySpringCGLIB$$eadb4235] is not eligible for getting processed by all BeanPostProcessors (for example: not eligible for auto-proxying)
2020-01-21 00:16:03.398 -[main]- [ INFO  ] [ o.s.boot.web.embedded.tomcat.TomcatWebServer : 90 ] - Tomcat initialized with port(s): 8089 (http)
2020-01-21 00:16:03.414 -[main]- [ INFO  ] [ org.apache.catalina.core.StandardService : 173 ] - Starting service [Tomcat]
2020-01-21 00:16:03.415 -[main]- [ INFO  ] [ org.apache.catalina.core.StandardEngine : 173 ] - Starting Servlet engine: [Apache Tomcat/9.0.19]
2020-01-21 00:16:03.419 -[main]- [ INFO  ] [ org.apache.catalina.core.AprLifecycleListener : 173 ] - An older version [1.2.18] of the APR based Apache Tomcat Native library is installed, while Tomcat recommends a minimum version of [1.2.21]
2020-01-21 00:16:03.419 -[main]- [ INFO  ] [ org.apache.catalina.core.AprLifecycleListener : 173 ] - Loaded APR based Apache Tomcat Native library [1.2.18] using APR version [1.6.5].
2020-01-21 00:16:03.420 -[main]- [ INFO  ] [ org.apache.catalina.core.AprLifecycleListener : 173 ] - APR capabilities: IPv6 [true], sendfile [true], accept filters [false], random [true].
2020-01-21 00:16:03.420 -[main]- [ INFO  ] [ org.apache.catalina.core.AprLifecycleListener : 173 ] - APR/OpenSSL configuration: useAprConnector [false], useOpenSSL [true]
2020-01-21 00:16:03.422 -[main]- [ INFO  ] [ org.apache.catalina.core.AprLifecycleListener : 173 ] - OpenSSL successfully initialized [OpenSSL 1.1.1  11 Sep 2018]
2020-01-21 00:16:03.523 -[main]- [ INFO  ] [ o.a.c.core.ContainerBase.[Tomcat].[localhost].[/] : 173 ] - Initializing Spring embedded WebApplicationContext
2020-01-21 00:16:03.523 -[main]- [ INFO  ] [ org.springframework.web.context.ContextLoader : 296 ] - Root WebApplicationContext: initialization completed in 1062 ms
2020-01-21 00:16:03.921 -[main]- [ INFO  ] [ o.s.scheduling.concurrent.ThreadPoolTaskExecutor : 171 ] - Initializing ExecutorService 'applicationTaskExecutor'
2020-01-21 00:16:04.190 -[main]- [ INFO  ] [ o.s.scheduling.concurrent.ThreadPoolTaskExecutor : 171 ] - Initializing ExecutorService
2020-01-21 00:16:04.399 -[main]- [ INFO  ] [ o.a.c.core.ContainerBase.[Tomcat].[localhost].[/] : 173 ] - Initializing Spring DispatcherServlet 'dispatcherServlet'
2020-01-21 00:16:04.399 -[main]- [ INFO  ] [ org.springframework.web.servlet.DispatcherServlet : 524 ] - Initializing Servlet 'dispatcherServlet'
2020-01-21 00:16:04.403 -[main]- [ INFO  ] [ org.springframework.web.servlet.DispatcherServlet : 546 ] - Completed initialization in 4 ms
2020-01-21 00:16:04.404 -[main]- [ INFO  ] [ o.s.boot.web.embedded.tomcat.TomcatWebServer : 204 ] - Tomcat started on port(s): 8089 (http) with context path ''
2020-01-21 00:16:04.406 -[main]- [ INFO  ] [ com.chen.wechat.WechatApplication : 59 ] - Started WechatApplication in 2.389 seconds (JVM running for 3.436)
2020-01-21 00:16:14.037 -[http-nio-8089-exec-1]- [ INFO  ] [ com.chen.wechat.service.impl.WxServiceImpl : 57 ] - 1.收到微信服务器消息
2020-01-21 00:16:14.132 -[http-nio-8089-exec-1]- [ INFO  ] [ com.chen.wechat.service.impl.WxServiceImpl : 61 ] - 2.获取微信数据:[{"Content":"y","CreateTime":"1579536975","ToUserName":"gh_38feb375b162","FromUserName":"ohyWv5rG1KLeR8CbyoEiCFVOHGLA","MsgType":"text","MsgId":"22613534504183707"}]
2020-01-21 00:16:14.148 -[http-nio-8089-exec-1]- [ INFO  ] [ c.c.wechat.domain.message.WxMessageResultFactory : 39 ] - 获取消息数据[{"content":"y","createTime":1579536975,"fromUserName":"ohyWv5rG1KLeR8CbyoEiCFVOHGLA","msgId":"22613534504183707","msgType":"text","toUserName":"gh_38feb375b162"}]
2020-01-21 00:16:14.330 -[http-nio-8089-exec-1]- [ INFO  ] [ com.alibaba.druid.pool.DruidDataSource : 930 ] - {dataSource-1} inited
2020-01-21 00:16:14.930 -[http-nio-8089-exec-1]- [ INFO  ] [ c.c.wechat.domain.message.WxMessageResultFactory : 60 ] - 返回消息数据[{"content":"请输入正确指令","createTime":1579536974149,"fromUserName":"gh_38feb375b162","msgType":"text","progress":7,"toUserName":"ohyWv5rG1KLeR8CbyoEiCFVOHGLA"}]
2020-01-21 00:18:38.038 -[main]- [ INFO  ] [ com.chen.wechat.WechatApplication : 50 ] - Starting WechatApplication on DESKTOP-10FFVAI with PID 20676 (F:\chen\wechat\wechat\target\classes started by chen in F:\chen\wechat\wechat)
2020-01-21 00:18:38.041 -[main]- [ INFO  ] [ com.chen.wechat.WechatApplication : 679 ] - The following profiles are active: dev
2020-01-21 00:18:38.877 -[main]- [ INFO  ] [ o.s.d.r.config.RepositoryConfigurationDelegate : 244 ] - Multiple Spring Data modules found, entering strict repository configuration mode!
2020-01-21 00:18:38.879 -[main]- [ INFO  ] [ o.s.d.r.config.RepositoryConfigurationDelegate : 126 ] - Bootstrapping Spring Data repositories in DEFAULT mode.
2020-01-21 00:18:38.908 -[main]- [ INFO  ] [ o.s.d.r.config.RepositoryConfigurationDelegate : 182 ] - Finished Spring Data repository scanning in 16ms. Found 0 repository interfaces.
2020-01-21 00:18:39.213 -[main]- [ INFO  ] [ o.s.c.s.PostProcessorRegistrationDelegate$BeanPostProcessorChecker : 330 ] - Bean 'org.springframework.transaction.annotation.ProxyTransactionManagementConfiguration' of type [org.springframework.transaction.annotation.ProxyTransactionManagementConfiguration$$EnhancerBySpringCGLIB$$918df21e] is not eligible for getting processed by all BeanPostProcessors (for example: not eligible for auto-proxying)
2020-01-21 00:18:39.415 -[main]- [ INFO  ] [ o.s.boot.web.embedded.tomcat.TomcatWebServer : 90 ] - Tomcat initialized with port(s): 8089 (http)
2020-01-21 00:18:39.432 -[main]- [ INFO  ] [ org.apache.catalina.core.StandardService : 173 ] - Starting service [Tomcat]
2020-01-21 00:18:39.433 -[main]- [ INFO  ] [ org.apache.catalina.core.StandardEngine : 173 ] - Starting Servlet engine: [Apache Tomcat/9.0.19]
2020-01-21 00:18:39.438 -[main]- [ INFO  ] [ org.apache.catalina.core.AprLifecycleListener : 173 ] - An older version [1.2.18] of the APR based Apache Tomcat Native library is installed, while Tomcat recommends a minimum version of [1.2.21]
2020-01-21 00:18:39.438 -[main]- [ INFO  ] [ org.apache.catalina.core.AprLifecycleListener : 173 ] - Loaded APR based Apache Tomcat Native library [1.2.18] using APR version [1.6.5].
2020-01-21 00:18:39.438 -[main]- [ INFO  ] [ org.apache.catalina.core.AprLifecycleListener : 173 ] - APR capabilities: IPv6 [true], sendfile [true], accept filters [false], random [true].
2020-01-21 00:18:39.438 -[main]- [ INFO  ] [ org.apache.catalina.core.AprLifecycleListener : 173 ] - APR/OpenSSL configuration: useAprConnector [false], useOpenSSL [true]
2020-01-21 00:18:39.441 -[main]- [ INFO  ] [ org.apache.catalina.core.AprLifecycleListener : 173 ] - OpenSSL successfully initialized [OpenSSL 1.1.1  11 Sep 2018]
2020-01-21 00:18:39.526 -[main]- [ INFO  ] [ o.a.c.core.ContainerBase.[Tomcat].[localhost].[/] : 173 ] - Initializing Spring embedded WebApplicationContext
2020-01-21 00:18:39.526 -[main]- [ INFO  ] [ org.springframework.web.context.ContextLoader : 296 ] - Root WebApplicationContext: initialization completed in 1441 ms
2020-01-21 00:18:39.919 -[main]- [ INFO  ] [ o.s.scheduling.concurrent.ThreadPoolTaskExecutor : 171 ] - Initializing ExecutorService 'applicationTaskExecutor'
2020-01-21 00:18:40.194 -[main]- [ INFO  ] [ o.s.scheduling.concurrent.ThreadPoolTaskExecutor : 171 ] - Initializing ExecutorService
2020-01-21 00:18:40.404 -[main]- [ INFO  ] [ o.a.c.core.ContainerBase.[Tomcat].[localhost].[/] : 173 ] - Initializing Spring DispatcherServlet 'dispatcherServlet'
2020-01-21 00:18:40.404 -[main]- [ INFO  ] [ org.springframework.web.servlet.DispatcherServlet : 524 ] - Initializing Servlet 'dispatcherServlet'
2020-01-21 00:18:40.409 -[main]- [ INFO  ] [ org.springframework.web.servlet.DispatcherServlet : 546 ] - Completed initialization in 4 ms
2020-01-21 00:18:40.410 -[main]- [ INFO  ] [ o.s.boot.web.embedded.tomcat.TomcatWebServer : 204 ] - Tomcat started on port(s): 8089 (http) with context path ''
2020-01-21 00:18:40.412 -[main]- [ INFO  ] [ com.chen.wechat.WechatApplication : 59 ] - Started WechatApplication in 2.764 seconds (JVM running for 3.765)
2020-01-21 00:23:47.510 -[main]- [ INFO  ] [ com.chen.wechat.WechatApplication : 50 ] - Starting WechatApplication on DESKTOP-10FFVAI with PID 5084 (F:\chen\wechat\wechat\target\classes started by chen in F:\chen\wechat\wechat)
2020-01-21 00:23:47.512 -[main]- [ INFO  ] [ com.chen.wechat.WechatApplication : 679 ] - The following profiles are active: prod
2020-01-21 00:23:48.396 -[main]- [ INFO  ] [ o.s.d.r.config.RepositoryConfigurationDelegate : 244 ] - Multiple Spring Data modules found, entering strict repository configuration mode!
2020-01-21 00:23:48.400 -[main]- [ INFO  ] [ o.s.d.r.config.RepositoryConfigurationDelegate : 126 ] - Bootstrapping Spring Data repositories in DEFAULT mode.
2020-01-21 00:23:48.449 -[main]- [ INFO  ] [ o.s.d.r.config.RepositoryConfigurationDelegate : 182 ] - Finished Spring Data repository scanning in 26ms. Found 0 repository interfaces.
2020-01-21 00:23:48.866 -[main]- [ INFO  ] [ o.s.c.s.PostProcessorRegistrationDelegate$BeanPostProcessorChecker : 330 ] - Bean 'org.springframework.transaction.annotation.ProxyTransactionManagementConfiguration' of type [org.springframework.transaction.annotation.ProxyTransactionManagementConfiguration$$EnhancerBySpringCGLIB$$3152df7b] is not eligible for getting processed by all BeanPostProcessors (for example: not eligible for auto-proxying)
2020-01-21 00:23:49.098 -[main]- [ INFO  ] [ o.s.boot.web.embedded.tomcat.TomcatWebServer : 90 ] - Tomcat initialized with port(s): 8089 (http)
2020-01-21 00:23:49.116 -[main]- [ INFO  ] [ org.apache.catalina.core.StandardService : 173 ] - Starting service [Tomcat]
2020-01-21 00:23:49.116 -[main]- [ INFO  ] [ org.apache.catalina.core.StandardEngine : 173 ] - Starting Servlet engine: [Apache Tomcat/9.0.19]
2020-01-21 00:23:49.122 -[main]- [ INFO  ] [ org.apache.catalina.core.AprLifecycleListener : 173 ] - An older version [1.2.18] of the APR based Apache Tomcat Native library is installed, while Tomcat recommends a minimum version of [1.2.21]
2020-01-21 00:23:49.123 -[main]- [ INFO  ] [ org.apache.catalina.core.AprLifecycleListener : 173 ] - Loaded APR based Apache Tomcat Native library [1.2.18] using APR version [1.6.5].
2020-01-21 00:23:49.123 -[main]- [ INFO  ] [ org.apache.catalina.core.AprLifecycleListener : 173 ] - APR capabilities: IPv6 [true], sendfile [true], accept filters [false], random [true].
2020-01-21 00:23:49.123 -[main]- [ INFO  ] [ org.apache.catalina.core.AprLifecycleListener : 173 ] - APR/OpenSSL configuration: useAprConnector [false], useOpenSSL [true]
2020-01-21 00:23:49.125 -[main]- [ INFO  ] [ org.apache.catalina.core.AprLifecycleListener : 173 ] - OpenSSL successfully initialized [OpenSSL 1.1.1  11 Sep 2018]
2020-01-21 00:23:49.231 -[main]- [ INFO  ] [ o.a.c.core.ContainerBase.[Tomcat].[localhost].[/] : 173 ] - Initializing Spring embedded WebApplicationContext
2020-01-21 00:23:49.231 -[main]- [ INFO  ] [ org.springframework.web.context.ContextLoader : 296 ] - Root WebApplicationContext: initialization completed in 1671 ms
2020-01-21 00:23:49.638 -[main]- [ INFO  ] [ o.s.scheduling.concurrent.ThreadPoolTaskExecutor : 171 ] - Initializing ExecutorService 'applicationTaskExecutor'
2020-01-21 00:23:49.923 -[main]- [ INFO  ] [ o.s.scheduling.concurrent.ThreadPoolTaskExecutor : 171 ] - Initializing ExecutorService
2020-01-21 00:23:50.142 -[main]- [ INFO  ] [ o.a.c.core.ContainerBase.[Tomcat].[localhost].[/] : 173 ] - Initializing Spring DispatcherServlet 'dispatcherServlet'
2020-01-21 00:23:50.142 -[main]- [ INFO  ] [ org.springframework.web.servlet.DispatcherServlet : 524 ] - Initializing Servlet 'dispatcherServlet'
2020-01-21 00:23:50.146 -[main]- [ INFO  ] [ org.springframework.web.servlet.DispatcherServlet : 546 ] - Completed initialization in 4 ms
2020-01-21 00:23:50.147 -[main]- [ INFO  ] [ o.s.boot.web.embedded.tomcat.TomcatWebServer : 204 ] - Tomcat started on port(s): 8089 (http) with context path ''
2020-01-21 00:23:50.149 -[main]- [ INFO  ] [ com.chen.wechat.WechatApplication : 59 ] - Started WechatApplication in 3.043 seconds (JVM running for 4.082)
